2018/04/26-11:56 [main] INFO  com.eim.Sjf20180424Application- Starting Sjf20180424Application on SC-201803010959 with PID 11972 (E:\eim\sjf20180424\target\classes started by Administrator in E:\eim\sjf20180424)
2018/04/26-11:56 [main] INFO  com.eim.Sjf20180424Application- No active profile set, falling back to default profiles: default
2018/04/26-11:56 [main] INFO  org.springframework.boot.web.servlet.context.AnnotationConfigServletWebServerApplicationContext- Refreshing org.springframework.boot.web.servlet.context.AnnotationConfigServletWebServerApplicationContext@5e316c74: startup date [Thu Apr 26 11:56:40 CST 2018]; root of context hierarchy
2018/04/26-11:56 [main] INFO  org.springframework.boot.web.embedded.tomcat.TomcatWebServer- Tomcat initialized with port(s): 8080 (http)
2018/04/26-11:56 [main] INFO  org.apache.catalina.core.StandardService- Starting service [Tomcat]
2018/04/26-11:56 [main] INFO  org.apache.catalina.core.StandardEngine- Starting Servlet Engine: Apache Tomcat/8.5.29
2018/04/26-11:56 [localhost-startStop-1] INFO  org.apache.catalina.core.AprLifecycleListener- The APR based Apache Tomcat Native library which allows optimal performance in production environments was not found on the java.library.path: [C:\Program Files\Java\jdk1.8.0_161\bin;C:\WINDOWS\Sun\Java\bin;C:\WINDOWS\system32;C:\WINDOWS;C:/Program Files/Java/jre1.8.0_161/bin/server;C:/Program Files/Java/jre1.8.0_161/bin;C:/Program Files/Java/jre1.8.0_161/lib/amd64;C:\ProgramData\Oracle\Java\javapath;C:\windows\system32;C:\windows;C:\windows\System32\Wbem;C:\windows\System32\WindowsPowerShell\v1.0\;C:\Program Files (x86)\NVIDIA Corporation\PhysX\Common;D:\Program Files\TortoiseSVN\bin;D:\apache-maven-3.5.2\bin;C:\WINDOWS\system32;C:\WINDOWS;C:\WINDOWS\System32\Wbem;C:\WINDOWS\System32\WindowsPowerShell\v1.0\;C:\Users\Administrator\AppData\Local\Microsoft\WindowsApps;;D:\eclipse;;.]
2018/04/26-11:56 [localhost-startStop-1] INFO  org.apache.catalina.core.ContainerBase.[Tomcat].[localhost].[/sjf20180424]- Initializing Spring embedded WebApplicationContext
2018/04/26-11:56 [localhost-startStop-1] INFO  org.springframework.web.context.ContextLoader- Root WebApplicationContext: initialization completed in 2285 ms
2018/04/26-11:56 [localhost-startStop-1] INFO  org.springframework.boot.web.servlet.ServletRegistrationBean- Servlet dispatcherServlet mapped to [/]
2018/04/26-11:56 [localhost-startStop-1] INFO  org.springframework.boot.web.servlet.FilterRegistrationBean- Mapping filter: 'characterEncodingFilter' to: [/*]
2018/04/26-11:56 [localhost-startStop-1] INFO  org.springframework.boot.web.servlet.FilterRegistrationBean- Mapping filter: 'hiddenHttpMethodFilter' to: [/*]
2018/04/26-11:56 [localhost-startStop-1] INFO  org.springframework.boot.web.servlet.FilterRegistrationBean- Mapping filter: 'httpPutFormContentFilter' to: [/*]
2018/04/26-11:56 [localhost-startStop-1] INFO  org.springframework.boot.web.servlet.FilterRegistrationBean- Mapping filter: 'requestContextFilter' to: [/*]
2018/04/26-11:56 [main] INFO  org.springframework.web.servlet.handler.SimpleUrlHandlerMapping- Mapped URL path [/**/favicon.ico] onto handler of type [class org.springframework.web.servlet.resource.ResourceHttpRequestHandler]
2018/04/26-11:56 [main] INFO  org.springframework.web.servlet.mvc.method.annotation.RequestMappingHandlerAdapter- Looking for @ControllerAdvice: org.springframework.boot.web.servlet.context.AnnotationConfigServletWebServerApplicationContext@5e316c74: startup date [Thu Apr 26 11:56:40 CST 2018]; root of context hierarchy
2018/04/26-11:56 [main] INFO  org.springframework.web.servlet.mvc.method.annotation.RequestMappingHandlerMapping- Mapped "{[/login/submit.do]}" onto public java.util.Map<java.lang.String, java.lang.Object> com.eim.controller.LoginController.submit(java.util.Map<java.lang.String, java.lang.Object>)
2018/04/26-11:56 [main] INFO  org.springframework.web.servlet.mvc.method.annotation.RequestMappingHandlerMapping- Mapped "{[/login/getList.do]}" onto public java.util.List<com.eim.model.CustServiceInfo> com.eim.controller.LoginController.getList() throws com.eim.util.BusinessException
2018/04/26-11:56 [main] INFO  org.springframework.web.servlet.mvc.method.annotation.RequestMappingHandlerMapping- Mapped "{[/login/getToken.do]}" onto public net.sf.json.JSONObject com.eim.controller.LoginController.getToken(java.lang.String,java.lang.String)
2018/04/26-11:56 [main] INFO  org.springframework.web.servlet.mvc.method.annotation.RequestMappingHandlerMapping- Mapped "{[/login/getTokenAndAllot.do]}" onto public net.sf.json.JSONObject com.eim.controller.LoginController.getTokenAndAllot(java.lang.String,java.lang.String)
2018/04/26-11:56 [main] INFO  org.springframework.web.servlet.mvc.method.annotation.RequestMappingHandlerMapping- Mapped "{[/login/sendMsg.do]}" onto public java.lang.String com.eim.controller.LoginController.sendMsg(java.lang.String,java.lang.String,java.lang.String)
2018/04/26-11:56 [main] INFO  org.springframework.web.servlet.mvc.method.annotation.RequestMappingHandlerMapping- Mapped "{[/error]}" onto public org.springframework.http.ResponseEntity<java.util.Map<java.lang.String, java.lang.Object>> org.springframework.boot.autoconfigure.web.servlet.error.BasicErrorController.error(javax.servlet.http.HttpServletRequest)
2018/04/26-11:56 [main] INFO  org.springframework.web.servlet.mvc.method.annotation.RequestMappingHandlerMapping- Mapped "{[/error],produces=[text/html]}" onto public org.springframework.web.servlet.ModelAndView org.springframework.boot.autoconfigure.web.servlet.error.BasicErrorController.errorHtml(javax.servlet.http.HttpServletRequest,javax.servlet.http.HttpServletResponse)
2018/04/26-11:56 [main] INFO  org.springframework.web.servlet.handler.SimpleUrlHandlerMapping- Mapped URL path [/webjars/**] onto handler of type [class org.springframework.web.servlet.resource.ResourceHttpRequestHandler]
2018/04/26-11:56 [main] INFO  org.springframework.web.servlet.handler.SimpleUrlHandlerMapping- Mapped URL path [/**] onto handler of type [class org.springframework.web.servlet.resource.ResourceHttpRequestHandler]
2018/04/26-11:56 [main] INFO  org.springframework.boot.autoconfigure.web.servlet.WelcomePageHandlerMapping- Adding welcome page: ServletContext resource [/index.html]
2018/04/26-11:56 [main] INFO  org.springframework.jmx.export.annotation.AnnotationMBeanExporter- Registering beans for JMX exposure on startup
2018/04/26-11:56 [main] INFO  org.springframework.jmx.export.annotation.AnnotationMBeanExporter- Bean with name 'dataSource' has been autodetected for JMX exposure
2018/04/26-11:56 [main] INFO  org.springframework.jmx.export.annotation.AnnotationMBeanExporter- Located MBean 'dataSource': registering with JMX server as MBean [com.zaxxer.hikari:name=dataSource,type=HikariDataSource]
2018/04/26-11:56 [main] INFO  org.springframework.boot.web.embedded.tomcat.TomcatWebServer- Tomcat started on port(s): 8080 (http) with context path '/sjf20180424'
2018/04/26-11:56 [main] INFO  com.eim.Sjf20180424Application- Started Sjf20180424Application in 4.865 seconds (JVM running for 5.505)
2018/04/26-11:56 [http-nio-8080-exec-2] INFO  org.apache.tomcat.util.http.parser.Cookie- A cookie header was received [1521534655,1523246470] that contained an invalid cookie. That cookie will be ignored.Note: further occurrences of this error will be logged at DEBUG level.
2018/04/26-11:56 [http-nio-8080-exec-2] INFO  org.apache.catalina.core.ContainerBase.[Tomcat].[localhost].[/sjf20180424]- Initializing Spring FrameworkServlet 'dispatcherServlet'
2018/04/26-11:56 [http-nio-8080-exec-2] INFO  org.springframework.web.servlet.DispatcherServlet- FrameworkServlet 'dispatcherServlet': initialization started
2018/04/26-11:56 [http-nio-8080-exec-2] INFO  org.springframework.web.servlet.DispatcherServlet- FrameworkServlet 'dispatcherServlet': initialization completed in 28 ms
2018/04/26-11:57 [http-nio-8080-exec-1] INFO  com.zaxxer.hikari.HikariDataSource- HikariPool-1 - Starting...
2018/04/26-11:57 [http-nio-8080-exec-1] INFO  com.zaxxer.hikari.HikariDataSource- HikariPool-1 - Start completed.
